<?xml version="1.0" encoding="UTF-8"?>
<!-- Generated by org.testng.reporters.JUnitXMLReporter -->
<testsuite ignored="0" hostname="RAJA" failures="5" tests="15" name="End To End Testing" time="409.943" errors="0" timestamp="2021-09-22T12:03:48 IST">
  <testcase classname="com.qa.testscripts.TC_SignUp_01" name="signUp" time="6.948">
    <failure type="java.lang.AssertionError" message="expected [true] but found [false]">
      <![CDATA[java.lang.AssertionError: expected [true] but found [false]
at com.qa.testscripts.TC_SignUp_01.signUp(TC_SignUp_01.java:64)
at java.base/java.util.ArrayList.forEach(ArrayList.java:1510)
... Removed 31 stack frames]]>
    </failure>
  </testcase> <!-- signUp -->
  <testcase classname="com.qa.testscripts.TC_SignUp_01" name="signUp" time="5.286">
    <failure type="java.lang.AssertionError" message="expected [true] but found [false]">
      <![CDATA[java.lang.AssertionError: expected [true] but found [false]
at com.qa.testscripts.TC_SignUp_01.signUp(TC_SignUp_01.java:64)
at java.base/java.util.ArrayList.forEach(ArrayList.java:1510)
... Removed 31 stack frames]]>
    </failure>
  </testcase> <!-- signUp -->
  <testcase classname="com.qa.testscripts.TC_SignUp_01" name="signUp" time="5.9">
    <failure type="java.lang.AssertionError" message="expected [true] but found [false]">
      <![CDATA[java.lang.AssertionError: expected [true] but found [false]
at com.qa.testscripts.TC_SignUp_01.signUp(TC_SignUp_01.java:64)
at java.base/java.util.ArrayList.forEach(ArrayList.java:1510)
... Removed 31 stack frames]]>
    </failure>
  </testcase> <!-- signUp -->
  <testcase classname="com.qa.testscripts.TC_LoginAndLogout_01" name="login" time="8.933"/>
  <testcase classname="com.qa.testscripts.TC_LoginAndLogout_01" name="logout" time="4.818"/>
  <testcase classname="com.qa.testscripts.TC_Flight_01" name="searchFlights" time="22.951"/>
  <testcase classname="com.qa.testscripts.TC_Flight_01" name="searchFlights" time="28.934"/>
  <testcase classname="com.qa.testscripts.TC_Flight_01" name="searchFlights" time="26.105"/>
  <testcase classname="com.qa.testscripts.TC_Flight_01" name="searchFlights" time="17.356">
    <failure type="java.lang.AssertionError" message="expected [true] but found [false]">
      <![CDATA[java.lang.AssertionError: expected [true] but found [false]
at com.qa.testscripts.TC_Flight_01.searchFlights(TC_Flight_01.java:95)
at java.base/java.util.ArrayList.forEach(ArrayList.java:1510)
... Removed 31 stack frames]]>
    </failure>
  </testcase> <!-- searchFlights -->
  <testcase classname="com.qa.testscripts.TC_Hotel_01" name="HotelBooking" time="28.501"/>
  <testcase classname="com.qa.testscripts.TC_Tours_01" name="tour" time="42.725"/>
  <testcase classname="com.qa.testscripts.TC_Blogs_01" name="blogElement" time="49.121"/>
  <testcase classname="com.qa.testscripts.TC_Visa_01" name="VisaTestCase" time="35.127"/>
  <testcase classname="com.qa.testscripts.TC_Visa_01" name="VisaTestCase" time="36.962"/>
  <testcase classname="com.qa.testscripts.TC_Visa_01" name="VisaTestCase" time="16.527">
    <failure type="java.lang.AssertionError" message="expected [true] but found [false]">
      <![CDATA[java.lang.AssertionError: expected [true] but found [false]
at com.qa.testscripts.TC_Visa_01.VisaTestCase(TC_Visa_01.java:41)
at java.base/java.util.ArrayList.forEach(ArrayList.java:1510)
... Removed 31 stack frames]]>
    </failure>
  </testcase> <!-- VisaTestCase -->
</testsuite> <!-- End To End Testing -->
