<?xml version="1.0" encoding="UTF-8"?>
<testng-results ignored="0" total="1" passed="1" failed="0" skipped="0">
  <reporter-output>
    <line>
      <![CDATA[User is on Hotels Page]]>
    </line>
    <line>
      <![CDATA[User is on Hotels suggestion page]]>
    </line>
  </reporter-output>
  <suite started-at="2021-09-21T17:33:59 IST" name="Suite" finished-at="2021-09-21T17:34:29 IST" duration-ms="29982">
    <groups>
    </groups>
    <test started-at="2021-09-21T17:33:59 IST" name="End To End Testing" finished-at="2021-09-21T17:34:29 IST" duration-ms="29982">
      <class name="com.qa.testscripts.TC_Hotel_01">
        <test-method is-config="true" signature="setUp(java.lang.String,java.lang.String)[pri:0, instance:com.qa.testscripts.TC_Hotel_01@433d61fb]" started-at="2021-09-21T17:33:59 IST" name="setUp" finished-at="2021-09-21T17:34:08 IST" duration-ms="9204" status="PASS">
          <params>
            <param index="0">
              <value>
                <![CDATA[chrome]]>
              </value>
            </param>
            <param index="1">
              <value>
                <![CDATA[https://phptravels.net/]]>
              </value>
            </param>
          </params>
          <reporter-output>
          </reporter-output>
        </test-method> <!-- setUp -->
        <test-method signature="HotelBooking(java.lang.String,java.lang.String,java.lang.String,java.lang.String,java.lang.String,java.lang.String,java.lang.String)[pri:0, instance:com.qa.testscripts.TC_Hotel_01@433d61fb]" started-at="2021-09-21T17:34:10 IST" name="HotelBooking" data-provider="excelsheet" finished-at="2021-09-21T17:34:28 IST" duration-ms="18244" status="PASS">
          <params>
            <param index="0">
              <value>
                <![CDATA[Hyd]]>
              </value>
            </param>
            <param index="1">
              <value>
                <![CDATA[10/16/21]]>
              </value>
            </param>
            <param index="2">
              <value>
                <![CDATA[10/18/21]]>
              </value>
            </param>
            <param index="3">
              <value>
                <![CDATA[2]]>
              </value>
            </param>
            <param index="4">
              <value>
                <![CDATA[4]]>
              </value>
            </param>
            <param index="5">
              <value>
                <![CDATA[1]]>
              </value>
            </param>
            <param index="6">
              <value>
                <![CDATA[test@gmail.com]]>
              </value>
            </param>
          </params>
          <reporter-output>
            <line>
              <![CDATA[User is on Hotels Page]]>
            </line>
            <line>
              <![CDATA[User is on Hotels suggestion page]]>
            </line>
          </reporter-output>
        </test-method> <!-- HotelBooking -->
        <test-method is-config="true" signature="tearDown()[pri:0, instance:com.qa.testscripts.TC_Hotel_01@433d61fb]" started-at="2021-09-21T17:34:28 IST" name="tearDown" finished-at="2021-09-21T17:34:29 IST" duration-ms="887" status="PASS">
          <reporter-output>
          </reporter-output>
        </test-method> <!-- tearDown -->
      </class> <!-- com.qa.testscripts.TC_Hotel_01 -->
    </test> <!-- End To End Testing -->
  </suite> <!-- Suite -->
</testng-results>
